2024-11-29 15:04:02,511 INFO o.a.j.u.JMeterUtils: Setting Locale to en_IN
2024-11-29 15:04:02,526 INFO o.a.j.JMeter: Loading user properties from: user.properties
2024-11-29 15:04:02,526 INFO o.a.j.JMeter: Loading system properties from: system.properties
2024-11-29 15:04:02,550 INFO o.a.j.JMeter: Copyright (c) 1998-2024 The Apache Software Foundation
2024-11-29 15:04:02,550 INFO o.a.j.JMeter: Version 5.6.3
2024-11-29 15:04:02,550 INFO o.a.j.JMeter: java.version=22.0.1
2024-11-29 15:04:02,550 INFO o.a.j.JMeter: java.vm.name=Java HotSpot(TM) 64-Bit Server VM
2024-11-29 15:04:02,550 INFO o.a.j.JMeter: os.name=Windows 11
2024-11-29 15:04:02,550 INFO o.a.j.JMeter: os.arch=amd64
2024-11-29 15:04:02,550 INFO o.a.j.JMeter: os.version=10.0
2024-11-29 15:04:02,550 INFO o.a.j.JMeter: file.encoding=UTF-8
2024-11-29 15:04:02,550 INFO o.a.j.JMeter: java.awt.headless=null
2024-11-29 15:04:02,550 INFO o.a.j.JMeter: Max memory     =2067791872
2024-11-29 15:04:02,550 INFO o.a.j.JMeter: Available Processors =4
2024-11-29 15:04:02,564 INFO o.a.j.JMeter: Default Locale=English (India)
2024-11-29 15:04:02,564 INFO o.a.j.JMeter: JMeter  Locale=English (India)
2024-11-29 15:04:02,564 INFO o.a.j.JMeter: JMeterHome=C:\Users\sharon\Documents\apache-jmeter-5.6.3
2024-11-29 15:04:02,564 INFO o.a.j.JMeter: user.dir  =C:\Users\sharon\Documents\apache-jmeter-5.6.3\bin
2024-11-29 15:04:02,564 INFO o.a.j.JMeter: PWD       =C:\Users\sharon\Documents\apache-jmeter-5.6.3\bin
2024-11-29 15:04:02,569 INFO o.a.j.JMeter: IP: 192.168.43.77 Name: DESKTOP-4B3FPM8 FullName: DESKTOP-4B3FPM8
2024-11-29 15:04:02,580 INFO o.a.j.JMeter: Loaded icon properties from org/apache/jmeter/images/icon.properties
2024-11-29 15:04:02,797 INFO o.a.j.JMeterGuiLauncher: Setting LAF to: com.github.weisj.darklaf.DarkLaf:com.github.weisj.darklaf.theme.DarculaTheme
2024-11-29 15:04:46,148 INFO o.a.j.s.FileServer: Default base='C:\Users\sharon\Documents\apache-jmeter-5.6.3\bin'
2024-11-29 15:04:46,148 INFO o.a.j.g.a.Load: Loading file: C:\WINDOWS\system32\Test Plan.jmx
2024-11-29 15:04:46,148 INFO o.a.j.s.FileServer: Set new base='C:\WINDOWS\system32'
2024-11-29 15:04:46,401 INFO o.a.j.s.SaveService: Testplan (JMX) version: 2.2. Testlog (JTL) version: 2.2
2024-11-29 15:04:46,448 INFO o.a.j.s.SaveService: Using SaveService properties version 5.0
2024-11-29 15:04:46,448 INFO o.a.j.s.SaveService: Using SaveService properties file encoding UTF-8
2024-11-29 15:04:46,448 INFO o.a.j.s.SaveService: Loading file: C:\WINDOWS\system32\Test Plan.jmx
2024-11-29 15:04:46,448 WARN o.a.j.g.a.Load: Error reading file. java.io.FileNotFoundException: C:\WINDOWS\system32\Test Plan.jmx (The system cannot find the file specified)
2024-11-29 15:04:46,448 ERROR o.a.j.u.JMeterUtils: C:\WINDOWS\system32\Test Plan.jmx (The system cannot find the file specified)
2024-11-29 15:04:55,513 INFO o.a.j.g.a.Load: Loading file: C:\Users\sharon\Documents\apache-jmeter-5.6.3\bin\Swag-lab.jmx
2024-11-29 15:04:55,513 INFO o.a.j.s.FileServer: Set new base='C:\Users\sharon\Documents\apache-jmeter-5.6.3\bin'
2024-11-29 15:04:55,513 INFO o.a.j.s.SaveService: Loading file: C:\Users\sharon\Documents\apache-jmeter-5.6.3\bin\Swag-lab.jmx
2024-11-29 15:04:55,545 INFO o.a.j.p.h.s.HTTPSamplerBase: Parser for text/html is org.apache.jmeter.protocol.http.parser.LagartoBasedHtmlParser
2024-11-29 15:04:55,545 INFO o.a.j.p.h.s.HTTPSamplerBase: Parser for application/xhtml+xml is org.apache.jmeter.protocol.http.parser.LagartoBasedHtmlParser
2024-11-29 15:04:55,545 INFO o.a.j.p.h.s.HTTPSamplerBase: Parser for application/xml is org.apache.jmeter.protocol.http.parser.LagartoBasedHtmlParser
2024-11-29 15:04:55,545 INFO o.a.j.p.h.s.HTTPSamplerBase: Parser for text/xml is org.apache.jmeter.protocol.http.parser.LagartoBasedHtmlParser
2024-11-29 15:04:55,545 INFO o.a.j.p.h.s.HTTPSamplerBase: Parser for text/vnd.wap.wml is org.apache.jmeter.protocol.http.parser.RegexpHTMLParser
2024-11-29 15:04:55,545 INFO o.a.j.p.h.s.HTTPSamplerBase: Parser for text/css is org.apache.jmeter.protocol.http.parser.CssParser
2024-11-29 15:04:55,754 INFO o.a.j.s.SampleResult: Note: Sample TimeStamps are START times
2024-11-29 15:04:55,754 INFO o.a.j.s.SampleResult: sampleresult.default.encoding is set to UTF-8
2024-11-29 15:04:55,754 INFO o.a.j.s.SampleResult: sampleresult.useNanoTime=true
2024-11-29 15:04:55,754 INFO o.a.j.s.SampleResult: sampleresult.nanoThreadSleep=5000
2024-11-29 15:04:56,221 INFO o.a.j.s.FileServer: Set new base='C:\Users\sharon\Documents\apache-jmeter-5.6.3\bin'
2024-11-29 15:09:57,118 INFO o.a.j.e.StandardJMeterEngine: Running the test!
2024-11-29 15:09:57,118 INFO o.a.j.s.SampleEvent: List of sample_variables: []
2024-11-29 15:09:57,118 INFO o.a.j.s.SampleEvent: List of sample_variables: []
2024-11-29 15:09:57,118 INFO o.a.j.e.u.CompoundVariable: Note: Function class names must contain the string: '.functions.'
2024-11-29 15:09:57,118 INFO o.a.j.e.u.CompoundVariable: Note: Function class names must not contain the string: '.gui.'
2024-11-29 15:09:57,180 INFO o.a.j.g.u.JMeterMenuBar: setRunning(true, *local*)
2024-11-29 15:09:57,228 INFO o.a.j.e.StandardJMeterEngine: Starting ThreadGroup: 1 : Krampus
2024-11-29 15:09:57,228 INFO o.a.j.e.StandardJMeterEngine: Starting 10 threads for group Krampus.
2024-11-29 15:09:57,228 INFO o.a.j.e.StandardJMeterEngine: Thread will continue on error
2024-11-29 15:09:57,228 INFO o.a.j.t.ThreadGroup: Starting thread group... number=1 threads=10 ramp-up=10 delayedStart=false
2024-11-29 15:09:57,228 INFO o.a.j.t.JMeterThread: Thread started: Krampus 1-1
2024-11-29 15:09:57,228 INFO o.a.j.t.ThreadGroup: Started thread group number 1
2024-11-29 15:09:57,228 INFO o.a.j.e.StandardJMeterEngine: All thread groups have been started
2024-11-29 15:09:58,249 INFO o.a.j.t.JMeterThread: Thread started: Krampus 1-2
2024-11-29 15:09:59,244 INFO o.a.j.t.JMeterThread: Thread started: Krampus 1-3
2024-11-29 15:10:00,245 INFO o.a.j.t.JMeterThread: Thread started: Krampus 1-4
2024-11-29 15:10:00,261 INFO o.a.j.p.h.s.HTTPHCAbstractImpl: Local host = DESKTOP-4B3FPM8
2024-11-29 15:10:00,284 INFO o.a.j.p.h.s.HTTPHC4Impl: HTTP request retry count = 0
2024-11-29 15:10:01,245 INFO o.a.j.t.JMeterThread: Thread started: Krampus 1-5
2024-11-29 15:10:02,244 INFO o.a.j.t.JMeterThread: Thread started: Krampus 1-6
2024-11-29 15:10:03,244 INFO o.a.j.t.JMeterThread: Thread started: Krampus 1-7
2024-11-29 15:10:04,244 INFO o.a.j.t.JMeterThread: Thread started: Krampus 1-8
2024-11-29 15:10:04,546 INFO o.a.j.p.h.s.h.LazyLayeredConnectionSocketFactory: Setting up HTTPS TrustAll Socket Factory
2024-11-29 15:10:04,561 INFO o.a.j.u.JsseSSLManager: Using default SSL protocol: TLS
2024-11-29 15:10:04,561 INFO o.a.j.u.JsseSSLManager: SSL session context: per-thread
2024-11-29 15:10:04,747 INFO o.a.j.g.a.Start: Shutting test down
2024-11-29 15:10:04,801 INFO o.a.j.t.JMeterThread: Stopping: Krampus 1-4
2024-11-29 15:10:04,806 INFO o.a.j.t.JMeterThread: Stopping: Krampus 1-1
2024-11-29 15:10:04,806 INFO o.a.j.t.JMeterThread: Stopping: Krampus 1-3
2024-11-29 15:10:04,808 INFO o.a.j.t.JMeterThread: Stopping: Krampus 1-7
2024-11-29 15:10:04,810 INFO o.a.j.t.JMeterThread: Stopping: Krampus 1-10
2024-11-29 15:10:04,810 INFO o.a.j.t.JMeterThread: Stopping: Krampus 1-2
2024-11-29 15:10:04,821 INFO o.a.j.t.JMeterThread: Stopping: Krampus 1-5
2024-11-29 15:10:04,821 INFO o.a.j.t.JMeterThread: Stopping: Krampus 1-6
2024-11-29 15:10:04,822 INFO o.a.j.t.JMeterThread: Stopping: Krampus 1-8
2024-11-29 15:10:04,823 INFO o.a.j.u.SSLManager: JmeterKeyStore Location:  type JKS
2024-11-29 15:10:04,823 INFO o.a.j.t.JMeterThread: Stopping: Krampus 1-9
2024-11-29 15:10:04,828 INFO o.a.j.u.SSLManager: KeyStore created OK
2024-11-29 15:10:04,828 WARN o.a.j.u.SSLManager: Keystore file not found, loading empty keystore
2024-11-29 15:10:05,246 INFO o.a.j.t.JMeterThread: Thread started: Krampus 1-9
2024-11-29 15:10:05,261 INFO o.a.j.t.JMeterThread: Thread finished: Krampus 1-9
2024-11-29 15:10:05,261 INFO o.a.j.t.JMeterThread: Thread finished: Krampus 1-6
2024-11-29 15:10:05,324 INFO o.a.j.t.JMeterThread: Thread started: Krampus 1-10
2024-11-29 15:10:05,324 INFO o.a.j.t.JMeterThread: Thread finished: Krampus 1-10
2024-11-29 15:10:06,253 INFO o.a.j.t.JMeterThread: Thread finished: Krampus 1-7
2024-11-29 15:10:07,258 INFO o.a.j.t.JMeterThread: Thread finished: Krampus 1-8
2024-11-29 15:10:12,798 INFO o.a.j.g.a.Start: Stopping test
2024-11-29 15:10:12,804 INFO o.a.j.t.JMeterThread: Stopping: Krampus 1-4
2024-11-29 15:10:12,804 WARN o.a.j.t.JMeterThread: Interrupting: Krampus 1-4 sampler: flipkart
2024-11-29 15:10:12,804 INFO o.a.j.t.JMeterThread: Stopping: Krampus 1-1
2024-11-29 15:10:12,804 WARN o.a.j.t.JMeterThread: Interrupting: Krampus 1-1 sampler: flipkart
2024-11-29 15:10:12,804 INFO o.a.j.t.JMeterThread: Stopping: Krampus 1-3
2024-11-29 15:10:12,814 INFO o.a.j.t.JMeterThread: Thread finished: Krampus 1-4
2024-11-29 15:10:12,814 WARN o.a.j.t.JMeterThread: Interrupting: Krampus 1-3 sampler: flipkart
2024-11-29 15:10:12,814 INFO o.a.j.t.JMeterThread: Thread finished: Krampus 1-1
2024-11-29 15:10:12,819 INFO o.a.j.t.JMeterThread: Stopping: Krampus 1-2
2024-11-29 15:10:12,820 WARN o.a.j.t.JMeterThread: Interrupting: Krampus 1-2 sampler: flipkart
2024-11-29 15:10:12,821 INFO o.a.j.t.JMeterThread: Thread finished: Krampus 1-3
2024-11-29 15:10:12,822 INFO o.a.j.t.JMeterThread: Stopping: Krampus 1-5
2024-11-29 15:10:12,822 WARN o.a.j.t.JMeterThread: Interrupting: Krampus 1-5 sampler: flipkart
2024-11-29 15:10:12,827 INFO o.a.j.t.JMeterThread: Thread finished: Krampus 1-2
2024-11-29 15:10:12,827 INFO o.a.j.t.JMeterThread: Thread finished: Krampus 1-5
2024-11-29 15:10:12,827 INFO o.a.j.e.StandardJMeterEngine: Notifying test listeners of end of test
2024-11-29 15:10:12,827 INFO o.a.j.g.u.JMeterMenuBar: setRunning(false, *local*)
2024-11-29 15:11:18,585 INFO o.a.j.e.StandardJMeterEngine: Running the test!
2024-11-29 15:11:18,585 INFO o.a.j.s.SampleEvent: List of sample_variables: []
2024-11-29 15:11:18,585 INFO o.a.j.g.u.JMeterMenuBar: setRunning(true, *local*)
2024-11-29 15:11:18,627 INFO o.a.j.e.StandardJMeterEngine: Starting ThreadGroup: 1 : Krampus
2024-11-29 15:11:18,627 INFO o.a.j.e.StandardJMeterEngine: Starting 10 threads for group Krampus.
2024-11-29 15:11:18,627 INFO o.a.j.e.StandardJMeterEngine: Thread will continue on error
2024-11-29 15:11:18,627 INFO o.a.j.t.ThreadGroup: Starting thread group... number=1 threads=10 ramp-up=10 delayedStart=false
2024-11-29 15:11:18,627 INFO o.a.j.t.JMeterThread: Thread started: Krampus 1-1
2024-11-29 15:11:18,643 INFO o.a.j.t.ThreadGroup: Started thread group number 1
2024-11-29 15:11:18,643 INFO o.a.j.e.StandardJMeterEngine: All thread groups have been started
2024-11-29 15:11:19,640 INFO o.a.j.t.JMeterThread: Thread started: Krampus 1-2
2024-11-29 15:11:20,643 INFO o.a.j.t.JMeterThread: Thread started: Krampus 1-3
2024-11-29 15:11:21,644 INFO o.a.j.t.JMeterThread: Thread started: Krampus 1-4
2024-11-29 15:11:22,643 INFO o.a.j.t.JMeterThread: Thread started: Krampus 1-5
2024-11-29 15:11:23,644 INFO o.a.j.t.JMeterThread: Thread started: Krampus 1-6
2024-11-29 15:11:24,645 INFO o.a.j.t.JMeterThread: Thread started: Krampus 1-7
2024-11-29 15:11:25,644 INFO o.a.j.t.JMeterThread: Thread started: Krampus 1-8
2024-11-29 15:11:26,643 INFO o.a.j.t.JMeterThread: Thread started: Krampus 1-9
2024-11-29 15:11:27,643 INFO o.a.j.t.JMeterThread: Thread started: Krampus 1-10
2024-11-29 15:11:49,895 INFO o.a.j.g.a.Start: Stopping test
2024-11-29 15:11:49,895 INFO o.a.j.t.JMeterThread: Stopping: Krampus 1-5
2024-11-29 15:11:49,895 WARN o.a.j.t.JMeterThread: Interrupting: Krampus 1-5 sampler: HTTP Request
2024-11-29 15:11:49,910 INFO o.a.j.t.JMeterThread: Stopping: Krampus 1-2
2024-11-29 15:11:49,910 WARN o.a.j.t.JMeterThread: Interrupting: Krampus 1-2 sampler: HTTP Request
2024-11-29 15:11:49,910 INFO o.a.j.t.JMeterThread: Thread is done: Krampus 1-5
2024-11-29 15:11:49,910 INFO o.a.j.t.JMeterThread: Stopping: Krampus 1-1
2024-11-29 15:11:49,910 INFO o.a.j.t.JMeterThread: Thread finished: Krampus 1-5
2024-11-29 15:11:49,910 INFO o.a.j.t.JMeterThread: Thread is done: Krampus 1-2
2024-11-29 15:11:49,910 INFO o.a.j.t.JMeterThread: Thread finished: Krampus 1-2
2024-11-29 15:11:49,910 WARN o.a.j.t.JMeterThread: Interrupting: Krampus 1-1 sampler: HTTP Request
2024-11-29 15:11:49,913 INFO o.a.j.t.JMeterThread: Stopping: Krampus 1-6
2024-11-29 15:11:49,913 WARN o.a.j.t.JMeterThread: Interrupting: Krampus 1-6 sampler: HTTP Request
2024-11-29 15:11:49,913 INFO o.a.j.t.JMeterThread: Thread is done: Krampus 1-1
2024-11-29 15:11:49,914 INFO o.a.j.t.JMeterThread: Stopping: Krampus 1-8
2024-11-29 15:11:49,914 INFO o.a.j.t.JMeterThread: Thread finished: Krampus 1-1
2024-11-29 15:11:49,914 INFO o.a.j.t.JMeterThread: Thread is done: Krampus 1-6
2024-11-29 15:11:49,914 INFO o.a.j.t.JMeterThread: Thread finished: Krampus 1-6
2024-11-29 15:11:49,914 WARN o.a.j.t.JMeterThread: Interrupting: Krampus 1-8 sampler: HTTP Request
2024-11-29 15:11:49,917 INFO o.a.j.t.JMeterThread: Stopping: Krampus 1-7
2024-11-29 15:11:49,917 WARN o.a.j.t.JMeterThread: Interrupting: Krampus 1-7 sampler: HTTP Request
2024-11-29 15:11:49,917 INFO o.a.j.t.JMeterThread: Thread is done: Krampus 1-8
2024-11-29 15:11:49,918 INFO o.a.j.t.JMeterThread: Thread finished: Krampus 1-8
2024-11-29 15:11:49,920 INFO o.a.j.t.JMeterThread: Thread is done: Krampus 1-7
2024-11-29 15:11:49,927 INFO o.a.j.t.JMeterThread: Thread finished: Krampus 1-7
2024-11-29 15:11:49,927 INFO o.a.j.t.JMeterThread: Stopping: Krampus 1-9
2024-11-29 15:11:49,927 WARN o.a.j.t.JMeterThread: Interrupting: Krampus 1-9 sampler: HTTP Request
2024-11-29 15:11:49,927 INFO o.a.j.t.JMeterThread: Stopping: Krampus 1-3
2024-11-29 15:11:49,927 WARN o.a.j.t.JMeterThread: Interrupting: Krampus 1-3 sampler: HTTP Request
2024-11-29 15:11:49,927 INFO o.a.j.t.JMeterThread: Thread is done: Krampus 1-9
2024-11-29 15:11:49,930 INFO o.a.j.t.JMeterThread: Thread finished: Krampus 1-9
2024-11-29 15:11:49,930 INFO o.a.j.t.JMeterThread: Thread is done: Krampus 1-3
2024-11-29 15:11:49,930 INFO o.a.j.t.JMeterThread: Thread finished: Krampus 1-3
2024-11-29 15:11:49,930 INFO o.a.j.t.JMeterThread: Stopping: Krampus 1-4
2024-11-29 15:11:49,930 WARN o.a.j.t.JMeterThread: Interrupting: Krampus 1-4 sampler: HTTP Request
2024-11-29 15:11:49,930 INFO o.a.j.t.JMeterThread: Stopping: Krampus 1-10
2024-11-29 15:11:49,930 WARN o.a.j.t.JMeterThread: Interrupting: Krampus 1-10 sampler: HTTP Request
2024-11-29 15:11:49,964 INFO o.a.j.t.JMeterThread: Thread is done: Krampus 1-4
2024-11-29 15:11:49,964 INFO o.a.j.t.JMeterThread: Thread is done: Krampus 1-10
2024-11-29 15:11:49,966 INFO o.a.j.t.JMeterThread: Thread finished: Krampus 1-4
2024-11-29 15:11:49,966 INFO o.a.j.t.JMeterThread: Thread finished: Krampus 1-10
2024-11-29 15:11:49,966 INFO o.a.j.e.StandardJMeterEngine: Notifying test listeners of end of test
2024-11-29 15:11:49,966 INFO o.a.j.g.u.JMeterMenuBar: setRunning(false, *local*)
2024-11-29 15:12:03,160 INFO o.a.j.e.StandardJMeterEngine: Running the test!
2024-11-29 15:12:03,160 INFO o.a.j.s.SampleEvent: List of sample_variables: []
2024-11-29 15:12:03,163 INFO o.a.j.g.u.JMeterMenuBar: setRunning(true, *local*)
2024-11-29 15:12:03,198 INFO o.a.j.e.StandardJMeterEngine: Starting ThreadGroup: 1 : Krampus
2024-11-29 15:12:03,198 INFO o.a.j.e.StandardJMeterEngine: Starting 10 threads for group Krampus.
2024-11-29 15:12:03,198 INFO o.a.j.e.StandardJMeterEngine: Thread will continue on error
2024-11-29 15:12:03,198 INFO o.a.j.t.ThreadGroup: Starting thread group... number=1 threads=10 ramp-up=10 delayedStart=false
2024-11-29 15:12:03,198 INFO o.a.j.t.JMeterThread: Thread started: Krampus 1-1
2024-11-29 15:12:03,198 INFO o.a.j.t.ThreadGroup: Started thread group number 1
2024-11-29 15:12:03,198 INFO o.a.j.e.StandardJMeterEngine: All thread groups have been started
2024-11-29 15:12:04,212 INFO o.a.j.t.JMeterThread: Thread started: Krampus 1-2
2024-11-29 15:12:05,198 INFO o.a.j.t.JMeterThread: Thread started: Krampus 1-3
2024-11-29 15:12:06,199 INFO o.a.j.t.JMeterThread: Thread started: Krampus 1-4
2024-11-29 15:12:07,199 INFO o.a.j.t.JMeterThread: Thread started: Krampus 1-5
2024-11-29 15:12:08,199 INFO o.a.j.t.JMeterThread: Thread started: Krampus 1-6
2024-11-29 15:12:09,198 INFO o.a.j.t.JMeterThread: Thread started: Krampus 1-7
2024-11-29 15:12:10,199 INFO o.a.j.t.JMeterThread: Thread started: Krampus 1-8
2024-11-29 15:12:11,198 INFO o.a.j.t.JMeterThread: Thread started: Krampus 1-9
2024-11-29 15:12:12,213 INFO o.a.j.t.JMeterThread: Thread started: Krampus 1-10
2024-11-29 15:12:51,462 INFO o.a.j.t.JMeterThread: Thread is done: Krampus 1-8
2024-11-29 15:12:51,462 INFO o.a.j.t.JMeterThread: Thread finished: Krampus 1-8
2024-11-29 15:12:51,681 INFO o.a.j.t.JMeterThread: Thread is done: Krampus 1-1
2024-11-29 15:12:51,681 INFO o.a.j.t.JMeterThread: Thread is done: Krampus 1-9
2024-11-29 15:12:51,681 INFO o.a.j.t.JMeterThread: Thread finished: Krampus 1-1
2024-11-29 15:12:51,681 INFO o.a.j.t.JMeterThread: Thread finished: Krampus 1-9
2024-11-29 15:12:51,995 INFO o.a.j.t.JMeterThread: Thread is done: Krampus 1-5
2024-11-29 15:12:51,995 INFO o.a.j.t.JMeterThread: Thread is done: Krampus 1-3
2024-11-29 15:12:52,000 INFO o.a.j.t.JMeterThread: Thread finished: Krampus 1-3
2024-11-29 15:12:52,000 INFO o.a.j.t.JMeterThread: Thread finished: Krampus 1-5
2024-11-29 15:12:52,000 INFO o.a.j.t.JMeterThread: Thread is done: Krampus 1-10
2024-11-29 15:12:52,000 INFO o.a.j.t.JMeterThread: Thread finished: Krampus 1-10
2024-11-29 15:12:52,000 INFO o.a.j.t.JMeterThread: Thread is done: Krampus 1-7
2024-11-29 15:12:52,000 INFO o.a.j.t.JMeterThread: Thread is done: Krampus 1-4
2024-11-29 15:12:52,000 INFO o.a.j.t.JMeterThread: Thread finished: Krampus 1-7
2024-11-29 15:12:52,000 INFO o.a.j.t.JMeterThread: Thread finished: Krampus 1-4
2024-11-29 15:12:52,000 INFO o.a.j.t.JMeterThread: Thread is done: Krampus 1-2
2024-11-29 15:12:52,002 INFO o.a.j.t.JMeterThread: Thread finished: Krampus 1-2
2024-11-29 15:12:52,000 INFO o.a.j.t.JMeterThread: Thread is done: Krampus 1-6
2024-11-29 15:12:52,003 INFO o.a.j.t.JMeterThread: Thread finished: Krampus 1-6
2024-11-29 15:12:52,003 INFO o.a.j.e.StandardJMeterEngine: Notifying test listeners of end of test
2024-11-29 15:12:52,003 INFO o.a.j.g.u.JMeterMenuBar: setRunning(false, *local*)
2024-11-29 15:13:27,358 INFO o.a.j.e.StandardJMeterEngine: Running the test!
2024-11-29 15:13:27,358 INFO o.a.j.s.SampleEvent: List of sample_variables: []
2024-11-29 15:13:27,358 INFO o.a.j.g.u.JMeterMenuBar: setRunning(true, *local*)
2024-11-29 15:13:27,393 INFO o.a.j.e.StandardJMeterEngine: Starting ThreadGroup: 1 : Krampus
2024-11-29 15:13:27,393 INFO o.a.j.e.StandardJMeterEngine: Starting 10 threads for group Krampus.
2024-11-29 15:13:27,393 INFO o.a.j.e.StandardJMeterEngine: Thread will continue on error
2024-11-29 15:13:27,393 INFO o.a.j.t.ThreadGroup: Starting thread group... number=1 threads=10 ramp-up=10 delayedStart=false
2024-11-29 15:13:27,393 INFO o.a.j.t.JMeterThread: Thread started: Krampus 1-1
2024-11-29 15:13:27,393 INFO o.a.j.t.ThreadGroup: Started thread group number 1
2024-11-29 15:13:27,393 INFO o.a.j.e.StandardJMeterEngine: All thread groups have been started
2024-11-29 15:13:28,406 INFO o.a.j.t.JMeterThread: Thread started: Krampus 1-2
2024-11-29 15:13:29,393 INFO o.a.j.t.JMeterThread: Thread started: Krampus 1-3
2024-11-29 15:13:30,394 INFO o.a.j.t.JMeterThread: Thread started: Krampus 1-4
2024-11-29 15:13:31,393 INFO o.a.j.t.JMeterThread: Thread started: Krampus 1-5
2024-11-29 15:13:32,394 INFO o.a.j.t.JMeterThread: Thread started: Krampus 1-6
2024-11-29 15:13:33,394 INFO o.a.j.t.JMeterThread: Thread started: Krampus 1-7
2024-11-29 15:13:34,393 INFO o.a.j.t.JMeterThread: Thread started: Krampus 1-8
2024-11-29 15:13:35,393 INFO o.a.j.t.JMeterThread: Thread started: Krampus 1-9
2024-11-29 15:13:36,394 INFO o.a.j.t.JMeterThread: Thread started: Krampus 1-10
2024-11-29 15:13:36,568 INFO o.a.j.t.JMeterThread: Thread is done: Krampus 1-1
2024-11-29 15:13:36,568 INFO o.a.j.t.JMeterThread: Thread finished: Krampus 1-1
2024-11-29 15:13:36,662 INFO o.a.j.t.JMeterThread: Thread is done: Krampus 1-2
2024-11-29 15:13:36,662 INFO o.a.j.t.JMeterThread: Thread finished: Krampus 1-2
2024-11-29 15:13:38,271 INFO o.a.j.t.JMeterThread: Thread is done: Krampus 1-3
2024-11-29 15:13:38,287 INFO o.a.j.t.JMeterThread: Thread finished: Krampus 1-3
2024-11-29 15:13:39,090 INFO o.a.j.t.JMeterThread: Thread is done: Krampus 1-4
2024-11-29 15:13:39,090 INFO o.a.j.t.JMeterThread: Thread finished: Krampus 1-4
2024-11-29 15:13:39,575 INFO o.a.j.t.JMeterThread: Thread is done: Krampus 1-5
2024-11-29 15:13:39,591 INFO o.a.j.t.JMeterThread: Thread finished: Krampus 1-5
2024-11-29 15:13:40,517 INFO o.a.j.t.JMeterThread: Thread is done: Krampus 1-6
2024-11-29 15:13:40,517 INFO o.a.j.t.JMeterThread: Thread finished: Krampus 1-6
2024-11-29 15:13:41,513 INFO o.a.j.t.JMeterThread: Thread is done: Krampus 1-7
2024-11-29 15:13:41,513 INFO o.a.j.t.JMeterThread: Thread finished: Krampus 1-7
2024-11-29 15:13:42,739 INFO o.a.j.t.JMeterThread: Thread is done: Krampus 1-8
2024-11-29 15:13:42,739 INFO o.a.j.t.JMeterThread: Thread finished: Krampus 1-8
2024-11-29 15:13:48,552 INFO o.a.j.g.a.Start: Stopping test
2024-11-29 15:13:48,552 INFO o.a.j.t.JMeterThread: Thread is done: Krampus 1-9
2024-11-29 15:13:48,552 INFO o.a.j.t.JMeterThread: Thread finished: Krampus 1-9
2024-11-29 15:13:48,561 INFO o.a.j.t.JMeterThread: Stopping: Krampus 1-10
2024-11-29 15:13:48,562 WARN o.a.j.t.JMeterThread: Interrupting: Krampus 1-10 sampler: HTTP Request
2024-11-29 15:13:48,562 INFO o.a.j.t.JMeterThread: Thread is done: Krampus 1-10
2024-11-29 15:13:48,562 INFO o.a.j.t.JMeterThread: Thread finished: Krampus 1-10
2024-11-29 15:13:48,565 INFO o.a.j.e.StandardJMeterEngine: Notifying test listeners of end of test
2024-11-29 15:13:48,565 INFO o.a.j.g.u.JMeterMenuBar: setRunning(false, *local*)
2024-11-29 15:20:08,148 INFO o.a.j.e.StandardJMeterEngine: Running the test!
2024-11-29 15:20:08,163 INFO o.a.j.s.SampleEvent: List of sample_variables: []
2024-11-29 15:20:08,163 INFO o.a.j.g.u.JMeterMenuBar: setRunning(true, *local*)
2024-11-29 15:20:08,210 INFO o.a.j.e.StandardJMeterEngine: Starting ThreadGroup: 1 : Krampus
2024-11-29 15:20:08,210 INFO o.a.j.e.StandardJMeterEngine: Starting 10 threads for group Krampus.
2024-11-29 15:20:08,210 INFO o.a.j.e.StandardJMeterEngine: Thread will continue on error
2024-11-29 15:20:08,210 INFO o.a.j.t.ThreadGroup: Starting thread group... number=1 threads=10 ramp-up=10 delayedStart=false
2024-11-29 15:20:08,210 INFO o.a.j.t.ThreadGroup: Started thread group number 1
2024-11-29 15:20:08,210 INFO o.a.j.e.StandardJMeterEngine: All thread groups have been started
2024-11-29 15:20:08,210 INFO o.a.j.t.JMeterThread: Thread started: Krampus 1-1
2024-11-29 15:20:09,223 INFO o.a.j.t.JMeterThread: Thread started: Krampus 1-2
2024-11-29 15:20:10,210 INFO o.a.j.t.JMeterThread: Thread started: Krampus 1-3
2024-11-29 15:20:11,211 INFO o.a.j.t.JMeterThread: Thread started: Krampus 1-4
2024-11-29 15:20:12,210 INFO o.a.j.t.JMeterThread: Thread started: Krampus 1-5
2024-11-29 15:20:13,210 INFO o.a.j.t.JMeterThread: Thread started: Krampus 1-6
2024-11-29 15:20:14,211 INFO o.a.j.t.JMeterThread: Thread started: Krampus 1-7
2024-11-29 15:20:14,305 INFO o.a.j.t.JMeterThread: Thread is done: Krampus 1-1
2024-11-29 15:20:14,305 INFO o.a.j.t.JMeterThread: Thread finished: Krampus 1-1
2024-11-29 15:20:15,210 INFO o.a.j.t.JMeterThread: Thread started: Krampus 1-8
2024-11-29 15:20:15,740 INFO o.a.j.t.JMeterThread: Thread is done: Krampus 1-2
2024-11-29 15:20:15,740 INFO o.a.j.t.JMeterThread: Thread finished: Krampus 1-2
2024-11-29 15:20:16,210 INFO o.a.j.t.JMeterThread: Thread started: Krampus 1-9
2024-11-29 15:20:16,959 INFO o.a.j.t.JMeterThread: Thread is done: Krampus 1-3
2024-11-29 15:20:16,959 INFO o.a.j.t.JMeterThread: Thread finished: Krampus 1-3
2024-11-29 15:20:17,210 INFO o.a.j.t.JMeterThread: Thread started: Krampus 1-10
2024-11-29 15:20:17,761 INFO o.a.j.t.JMeterThread: Thread is done: Krampus 1-4
2024-11-29 15:20:17,761 INFO o.a.j.t.JMeterThread: Thread finished: Krampus 1-4
2024-11-29 15:20:18,404 INFO o.a.j.t.JMeterThread: Thread is done: Krampus 1-5
2024-11-29 15:20:18,404 INFO o.a.j.t.JMeterThread: Thread finished: Krampus 1-5
2024-11-29 15:20:18,701 INFO o.a.j.t.JMeterThread: Thread is done: Krampus 1-6
2024-11-29 15:20:18,701 INFO o.a.j.t.JMeterThread: Thread finished: Krampus 1-6
2024-11-29 15:20:19,593 INFO o.a.j.t.JMeterThread: Thread is done: Krampus 1-7
2024-11-29 15:20:19,593 INFO o.a.j.t.JMeterThread: Thread finished: Krampus 1-7
2024-11-29 15:20:21,032 INFO o.a.j.t.JMeterThread: Thread is done: Krampus 1-8
2024-11-29 15:20:21,032 INFO o.a.j.t.JMeterThread: Thread finished: Krampus 1-8
2024-11-29 15:20:21,768 INFO o.a.j.t.JMeterThread: Thread is done: Krampus 1-9
2024-11-29 15:20:21,768 INFO o.a.j.t.JMeterThread: Thread finished: Krampus 1-9
2024-11-29 15:20:22,630 INFO o.a.j.t.JMeterThread: Thread is done: Krampus 1-10
2024-11-29 15:20:22,630 INFO o.a.j.t.JMeterThread: Thread finished: Krampus 1-10
2024-11-29 15:20:22,630 INFO o.a.j.e.StandardJMeterEngine: Notifying test listeners of end of test
2024-11-29 15:20:22,630 INFO o.a.j.g.u.JMeterMenuBar: setRunning(false, *local*)
2024-11-29 15:22:20,545 INFO o.a.j.e.StandardJMeterEngine: Running the test!
2024-11-29 15:22:20,545 INFO o.a.j.s.SampleEvent: List of sample_variables: []
2024-11-29 15:22:20,560 INFO o.a.j.g.u.JMeterMenuBar: setRunning(true, *local*)
2024-11-29 15:22:20,610 INFO o.a.j.e.StandardJMeterEngine: Starting ThreadGroup: 1 : Krampus
2024-11-29 15:22:20,610 INFO o.a.j.e.StandardJMeterEngine: Starting 10 threads for group Krampus.
2024-11-29 15:22:20,610 INFO o.a.j.e.StandardJMeterEngine: Thread will continue on error
2024-11-29 15:22:20,610 INFO o.a.j.t.ThreadGroup: Starting thread group... number=1 threads=10 ramp-up=10 delayedStart=false
2024-11-29 15:22:20,610 INFO o.a.j.t.ThreadGroup: Started thread group number 1
2024-11-29 15:22:20,610 INFO o.a.j.e.StandardJMeterEngine: All thread groups have been started
2024-11-29 15:22:20,610 INFO o.a.j.t.JMeterThread: Thread started: Krampus 1-1
2024-11-29 15:22:21,615 INFO o.a.j.t.JMeterThread: Thread started: Krampus 1-2
2024-11-29 15:22:22,611 INFO o.a.j.t.JMeterThread: Thread started: Krampus 1-3
2024-11-29 15:22:23,611 INFO o.a.j.t.JMeterThread: Thread started: Krampus 1-4
2024-11-29 15:22:24,611 INFO o.a.j.t.JMeterThread: Thread started: Krampus 1-5
2024-11-29 15:22:25,610 INFO o.a.j.t.JMeterThread: Thread started: Krampus 1-6
2024-11-29 15:22:26,611 INFO o.a.j.t.JMeterThread: Thread started: Krampus 1-7
2024-11-29 15:22:27,453 INFO o.a.j.t.JMeterThread: Thread is done: Krampus 1-1
2024-11-29 15:22:27,454 INFO o.a.j.t.JMeterThread: Thread finished: Krampus 1-1
2024-11-29 15:22:27,610 INFO o.a.j.t.JMeterThread: Thread started: Krampus 1-8
2024-11-29 15:22:27,683 INFO o.a.j.t.JMeterThread: Thread is done: Krampus 1-2
2024-11-29 15:22:27,684 INFO o.a.j.t.JMeterThread: Thread finished: Krampus 1-2
2024-11-29 15:22:28,394 INFO o.a.j.t.JMeterThread: Thread is done: Krampus 1-3
2024-11-29 15:22:28,394 INFO o.a.j.t.JMeterThread: Thread finished: Krampus 1-3
2024-11-29 15:22:28,611 INFO o.a.j.t.JMeterThread: Thread started: Krampus 1-9
2024-11-29 15:22:29,117 INFO o.a.j.t.JMeterThread: Thread is done: Krampus 1-4
2024-11-29 15:22:29,117 INFO o.a.j.t.JMeterThread: Thread finished: Krampus 1-4
2024-11-29 15:22:29,610 INFO o.a.j.t.JMeterThread: Thread started: Krampus 1-10
2024-11-29 15:22:30,689 INFO o.a.j.t.JMeterThread: Thread is done: Krampus 1-5
2024-11-29 15:22:30,689 INFO o.a.j.t.JMeterThread: Thread finished: Krampus 1-5
2024-11-29 15:22:31,581 INFO o.a.j.t.JMeterThread: Thread is done: Krampus 1-6
2024-11-29 15:22:31,581 INFO o.a.j.t.JMeterThread: Thread finished: Krampus 1-6
2024-11-29 15:22:31,785 INFO o.a.j.t.JMeterThread: Thread is done: Krampus 1-7
2024-11-29 15:22:31,785 INFO o.a.j.t.JMeterThread: Thread finished: Krampus 1-7
2024-11-29 15:22:33,166 INFO o.a.j.t.JMeterThread: Thread is done: Krampus 1-8
2024-11-29 15:22:33,166 INFO o.a.j.t.JMeterThread: Thread finished: Krampus 1-8
2024-11-29 15:22:33,934 INFO o.a.j.t.JMeterThread: Thread is done: Krampus 1-9
2024-11-29 15:22:33,934 INFO o.a.j.t.JMeterThread: Thread finished: Krampus 1-9
2024-11-29 15:22:35,061 INFO o.a.j.t.JMeterThread: Thread is done: Krampus 1-10
2024-11-29 15:22:35,061 INFO o.a.j.t.JMeterThread: Thread finished: Krampus 1-10
2024-11-29 15:22:35,061 INFO o.a.j.e.StandardJMeterEngine: Notifying test listeners of end of test
2024-11-29 15:22:35,076 INFO o.a.j.g.u.JMeterMenuBar: setRunning(false, *local*)
2024-11-29 15:22:48,576 INFO o.a.j.e.StandardJMeterEngine: Running the test!
2024-11-29 15:22:48,576 INFO o.a.j.s.SampleEvent: List of sample_variables: []
2024-11-29 15:22:48,576 INFO o.a.j.g.u.JMeterMenuBar: setRunning(true, *local*)
2024-11-29 15:22:48,613 INFO o.a.j.e.StandardJMeterEngine: Starting ThreadGroup: 1 : Krampus
2024-11-29 15:22:48,613 INFO o.a.j.e.StandardJMeterEngine: Starting 1 threads for group Krampus.
2024-11-29 15:22:48,613 INFO o.a.j.e.StandardJMeterEngine: Thread will continue on error
2024-11-29 15:22:48,613 INFO o.a.j.t.ThreadGroup: Starting thread group... number=1 threads=1 ramp-up=1 delayedStart=false
2024-11-29 15:22:48,613 INFO o.a.j.t.ThreadGroup: Started thread group number 1
2024-11-29 15:22:48,613 INFO o.a.j.e.StandardJMeterEngine: All thread groups have been started
2024-11-29 15:22:48,613 INFO o.a.j.t.JMeterThread: Thread started: Krampus 1-1
2024-11-29 15:22:55,472 INFO o.a.j.t.JMeterThread: Thread is done: Krampus 1-1
2024-11-29 15:22:55,472 INFO o.a.j.t.JMeterThread: Thread finished: Krampus 1-1
2024-11-29 15:22:55,472 INFO o.a.j.e.StandardJMeterEngine: Notifying test listeners of end of test
2024-11-29 15:22:55,472 INFO o.a.j.g.u.JMeterMenuBar: setRunning(false, *local*)
2024-11-29 15:31:18,593 INFO o.a.j.e.StandardJMeterEngine: Running the test!
2024-11-29 15:31:18,593 INFO o.a.j.s.SampleEvent: List of sample_variables: []
2024-11-29 15:31:18,593 INFO o.a.j.g.u.JMeterMenuBar: setRunning(true, *local*)
2024-11-29 15:31:18,656 INFO o.a.j.e.StandardJMeterEngine: Starting ThreadGroup: 1 : Krampus
2024-11-29 15:31:18,656 INFO o.a.j.e.StandardJMeterEngine: Starting 1 threads for group Krampus.
2024-11-29 15:31:18,656 INFO o.a.j.e.StandardJMeterEngine: Thread will continue on error
2024-11-29 15:31:18,656 INFO o.a.j.t.ThreadGroup: Starting thread group... number=1 threads=1 ramp-up=1 delayedStart=false
2024-11-29 15:31:18,656 INFO o.a.j.t.ThreadGroup: Started thread group number 1
2024-11-29 15:31:18,656 INFO o.a.j.e.StandardJMeterEngine: Starting ThreadGroup: 2 : CSV file fetching
2024-11-29 15:31:18,656 INFO o.a.j.e.StandardJMeterEngine: Starting 1 threads for group CSV file fetching.
2024-11-29 15:31:18,671 INFO o.a.j.e.StandardJMeterEngine: Thread will continue on error
2024-11-29 15:31:18,671 INFO o.a.j.t.ThreadGroup: Starting thread group... number=2 threads=1 ramp-up=1 delayedStart=false
2024-11-29 15:31:18,671 INFO o.a.j.t.ThreadGroup: Started thread group number 2
2024-11-29 15:31:18,671 INFO o.a.j.e.StandardJMeterEngine: All thread groups have been started
2024-11-29 15:31:18,671 INFO o.a.j.t.JMeterThread: Thread started: Krampus 1-1
2024-11-29 15:31:18,671 INFO o.a.j.t.JMeterThread: Thread started: CSV file fetching 2-1
2024-11-29 15:31:18,671 INFO o.a.j.s.FileServer: Stored: C:/Users/sharon/Documents/blazedemo.csv
2024-11-29 15:31:20,473 INFO o.a.j.t.JMeterThread: Thread is done: CSV file fetching 2-1
2024-11-29 15:31:20,473 INFO o.a.j.t.JMeterThread: Thread finished: CSV file fetching 2-1
2024-11-29 15:31:26,141 INFO o.a.j.t.JMeterThread: Thread is done: Krampus 1-1
2024-11-29 15:31:26,141 INFO o.a.j.t.JMeterThread: Thread finished: Krampus 1-1
2024-11-29 15:31:26,141 INFO o.a.j.e.StandardJMeterEngine: Notifying test listeners of end of test
2024-11-29 15:31:26,141 INFO o.a.j.s.FileServer: Close: C:/Users/sharon/Documents/blazedemo.csv
2024-11-29 15:31:26,141 INFO o.a.j.g.u.JMeterMenuBar: setRunning(false, *local*)
2024-11-29 15:32:53,124 INFO o.a.j.e.StandardJMeterEngine: Running the test!
2024-11-29 15:32:53,124 INFO o.a.j.s.SampleEvent: List of sample_variables: []
2024-11-29 15:32:53,124 INFO o.a.j.g.u.JMeterMenuBar: setRunning(true, *local*)
2024-11-29 15:32:53,170 INFO o.a.j.e.StandardJMeterEngine: Starting ThreadGroup: 1 : Krampus
2024-11-29 15:32:53,170 INFO o.a.j.e.StandardJMeterEngine: Starting 1 threads for group Krampus.
2024-11-29 15:32:53,170 INFO o.a.j.e.StandardJMeterEngine: Thread will continue on error
2024-11-29 15:32:53,170 INFO o.a.j.t.ThreadGroup: Starting thread group... number=1 threads=1 ramp-up=1 delayedStart=false
2024-11-29 15:32:53,186 INFO o.a.j.t.ThreadGroup: Started thread group number 1
2024-11-29 15:32:53,186 INFO o.a.j.e.StandardJMeterEngine: Starting ThreadGroup: 2 : CSV file fetching
2024-11-29 15:32:53,186 INFO o.a.j.e.StandardJMeterEngine: Starting 1 threads for group CSV file fetching.
2024-11-29 15:32:53,186 INFO o.a.j.e.StandardJMeterEngine: Thread will continue on error
2024-11-29 15:32:53,186 INFO o.a.j.t.ThreadGroup: Starting thread group... number=2 threads=1 ramp-up=1 delayedStart=false
2024-11-29 15:32:53,186 INFO o.a.j.t.ThreadGroup: Started thread group number 2
2024-11-29 15:32:53,186 INFO o.a.j.e.StandardJMeterEngine: All thread groups have been started
2024-11-29 15:32:53,186 INFO o.a.j.t.JMeterThread: Thread started: CSV file fetching 2-1
2024-11-29 15:32:53,186 INFO o.a.j.s.FileServer: Stored: C:/Users/sharon/Documents/blazedemo.csv
2024-11-29 15:32:53,186 INFO o.a.j.t.JMeterThread: Thread started: Krampus 1-1
2024-11-29 15:32:54,755 INFO o.a.j.t.JMeterThread: Thread is done: CSV file fetching 2-1
2024-11-29 15:32:54,755 INFO o.a.j.t.JMeterThread: Thread finished: CSV file fetching 2-1
2024-11-29 15:32:59,837 INFO o.a.j.t.JMeterThread: Thread is done: Krampus 1-1
2024-11-29 15:32:59,837 INFO o.a.j.t.JMeterThread: Thread finished: Krampus 1-1
2024-11-29 15:32:59,837 INFO o.a.j.e.StandardJMeterEngine: Notifying test listeners of end of test
2024-11-29 15:32:59,837 INFO o.a.j.s.FileServer: Close: C:/Users/sharon/Documents/blazedemo.csv
2024-11-29 15:32:59,837 INFO o.a.j.g.u.JMeterMenuBar: setRunning(false, *local*)
2024-11-29 15:33:22,999 INFO o.a.j.e.StandardJMeterEngine: Running the test!
2024-11-29 15:33:23,015 INFO o.a.j.s.SampleEvent: List of sample_variables: []
2024-11-29 15:33:23,015 INFO o.a.j.g.u.JMeterMenuBar: setRunning(true, *local*)
2024-11-29 15:33:23,078 INFO o.a.j.e.StandardJMeterEngine: Starting ThreadGroup: 1 : Krampus
2024-11-29 15:33:23,078 INFO o.a.j.e.StandardJMeterEngine: Starting 5 threads for group Krampus.
2024-11-29 15:33:23,078 INFO o.a.j.e.StandardJMeterEngine: Thread will continue on error
2024-11-29 15:33:23,078 INFO o.a.j.t.ThreadGroup: Starting thread group... number=1 threads=5 ramp-up=1 delayedStart=false
2024-11-29 15:33:23,078 INFO o.a.j.t.ThreadGroup: Started thread group number 1
2024-11-29 15:33:23,078 INFO o.a.j.e.StandardJMeterEngine: Starting ThreadGroup: 2 : CSV file fetching
2024-11-29 15:33:23,078 INFO o.a.j.e.StandardJMeterEngine: Starting 1 threads for group CSV file fetching.
2024-11-29 15:33:23,078 INFO o.a.j.e.StandardJMeterEngine: Thread will continue on error
2024-11-29 15:33:23,078 INFO o.a.j.t.ThreadGroup: Starting thread group... number=2 threads=1 ramp-up=1 delayedStart=false
2024-11-29 15:33:23,078 INFO o.a.j.t.ThreadGroup: Started thread group number 2
2024-11-29 15:33:23,078 INFO o.a.j.e.StandardJMeterEngine: All thread groups have been started
2024-11-29 15:33:23,078 INFO o.a.j.t.JMeterThread: Thread started: Krampus 1-1
2024-11-29 15:33:23,078 INFO o.a.j.t.JMeterThread: Thread started: CSV file fetching 2-1
2024-11-29 15:33:23,078 INFO o.a.j.s.FileServer: Stored: C:/Users/sharon/Documents/blazedemo.csv
2024-11-29 15:33:23,291 INFO o.a.j.t.JMeterThread: Thread started: Krampus 1-2
2024-11-29 15:33:23,491 INFO o.a.j.t.JMeterThread: Thread started: Krampus 1-3
2024-11-29 15:33:23,691 INFO o.a.j.t.JMeterThread: Thread started: Krampus 1-4
2024-11-29 15:33:23,892 INFO o.a.j.t.JMeterThread: Thread started: Krampus 1-5
2024-11-29 15:33:25,100 INFO o.a.j.t.JMeterThread: Thread is done: CSV file fetching 2-1
2024-11-29 15:33:25,100 INFO o.a.j.t.JMeterThread: Thread finished: CSV file fetching 2-1
2024-11-29 15:33:28,873 INFO o.a.j.t.JMeterThread: Thread is done: Krampus 1-2
2024-11-29 15:33:28,873 INFO o.a.j.t.JMeterThread: Thread finished: Krampus 1-2
2024-11-29 15:33:28,889 INFO o.a.j.t.JMeterThread: Thread is done: Krampus 1-1
2024-11-29 15:33:28,889 INFO o.a.j.t.JMeterThread: Thread finished: Krampus 1-1
2024-11-29 15:33:29,139 INFO o.a.j.t.JMeterThread: Thread is done: Krampus 1-3
2024-11-29 15:33:29,139 INFO o.a.j.t.JMeterThread: Thread finished: Krampus 1-3
2024-11-29 15:33:29,436 INFO o.a.j.t.JMeterThread: Thread is done: Krampus 1-4
2024-11-29 15:33:29,436 INFO o.a.j.t.JMeterThread: Thread finished: Krampus 1-4
2024-11-29 15:33:29,578 INFO o.a.j.t.JMeterThread: Thread is done: Krampus 1-5
2024-11-29 15:33:29,578 INFO o.a.j.t.JMeterThread: Thread finished: Krampus 1-5
2024-11-29 15:33:29,578 INFO o.a.j.e.StandardJMeterEngine: Notifying test listeners of end of test
2024-11-29 15:33:29,578 INFO o.a.j.s.FileServer: Close: C:/Users/sharon/Documents/blazedemo.csv
2024-11-29 15:33:29,578 INFO o.a.j.g.u.JMeterMenuBar: setRunning(false, *local*)
2024-11-29 15:34:06,034 INFO o.a.j.e.StandardJMeterEngine: Running the test!
2024-11-29 15:34:06,034 INFO o.a.j.s.SampleEvent: List of sample_variables: []
2024-11-29 15:34:06,034 INFO o.a.j.g.u.JMeterMenuBar: setRunning(true, *local*)
2024-11-29 15:34:06,080 INFO o.a.j.e.StandardJMeterEngine: Starting ThreadGroup: 1 : Krampus
2024-11-29 15:34:06,080 INFO o.a.j.e.StandardJMeterEngine: Starting 5 threads for group Krampus.
2024-11-29 15:34:06,080 INFO o.a.j.e.StandardJMeterEngine: Thread will continue on error
2024-11-29 15:34:06,080 INFO o.a.j.t.ThreadGroup: Starting thread group... number=1 threads=5 ramp-up=1 delayedStart=false
2024-11-29 15:34:06,095 INFO o.a.j.t.ThreadGroup: Started thread group number 1
2024-11-29 15:34:06,095 INFO o.a.j.e.StandardJMeterEngine: Starting ThreadGroup: 2 : CSV file fetching
2024-11-29 15:34:06,095 INFO o.a.j.e.StandardJMeterEngine: Starting 5 threads for group CSV file fetching.
2024-11-29 15:34:06,095 INFO o.a.j.t.JMeterThread: Thread started: Krampus 1-1
2024-11-29 15:34:06,095 INFO o.a.j.e.StandardJMeterEngine: Thread will continue on error
2024-11-29 15:34:06,097 INFO o.a.j.t.ThreadGroup: Starting thread group... number=2 threads=5 ramp-up=1 delayedStart=false
2024-11-29 15:34:06,097 INFO o.a.j.t.ThreadGroup: Started thread group number 2
2024-11-29 15:34:06,097 INFO o.a.j.e.StandardJMeterEngine: All thread groups have been started
2024-11-29 15:34:06,097 INFO o.a.j.t.JMeterThread: Thread started: CSV file fetching 2-1
2024-11-29 15:34:06,097 INFO o.a.j.s.FileServer: Stored: C:/Users/sharon/Documents/blazedemo.csv
2024-11-29 15:34:06,297 INFO o.a.j.t.JMeterThread: Thread started: Krampus 1-2
2024-11-29 15:34:06,299 INFO o.a.j.t.JMeterThread: Thread started: CSV file fetching 2-2
2024-11-29 15:34:06,499 INFO o.a.j.t.JMeterThread: Thread started: CSV file fetching 2-3
2024-11-29 15:34:06,499 INFO o.a.j.t.JMeterThread: Thread started: Krampus 1-3
2024-11-29 15:34:06,683 INFO o.a.j.t.JMeterThread: Thread started: Krampus 1-4
2024-11-29 15:34:06,701 INFO o.a.j.t.JMeterThread: Thread started: CSV file fetching 2-4
2024-11-29 15:34:06,883 INFO o.a.j.t.JMeterThread: Thread started: Krampus 1-5
2024-11-29 15:34:06,908 INFO o.a.j.t.JMeterThread: Thread started: CSV file fetching 2-5
2024-11-29 15:34:07,619 INFO o.a.j.t.JMeterThread: Thread is done: CSV file fetching 2-3
2024-11-29 15:34:07,626 INFO o.a.j.t.JMeterThread: Thread finished: CSV file fetching 2-3
2024-11-29 15:34:07,619 INFO o.a.j.t.JMeterThread: Thread is done: CSV file fetching 2-1
2024-11-29 15:34:07,626 INFO o.a.j.t.JMeterThread: Thread finished: CSV file fetching 2-1
2024-11-29 15:34:07,923 INFO o.a.j.t.JMeterThread: Thread is done: CSV file fetching 2-2
2024-11-29 15:34:07,923 INFO o.a.j.t.JMeterThread: Thread finished: CSV file fetching 2-2
2024-11-29 15:34:08,033 INFO o.a.j.t.JMeterThread: Thread is done: CSV file fetching 2-4
2024-11-29 15:34:08,033 INFO o.a.j.t.JMeterThread: Thread finished: CSV file fetching 2-4
2024-11-29 15:34:08,330 INFO o.a.j.t.JMeterThread: Thread is done: CSV file fetching 2-5
2024-11-29 15:34:08,330 INFO o.a.j.t.JMeterThread: Thread finished: CSV file fetching 2-5
2024-11-29 15:34:11,765 INFO o.a.j.t.JMeterThread: Thread is done: Krampus 1-1
2024-11-29 15:34:11,765 INFO o.a.j.t.JMeterThread: Thread finished: Krampus 1-1
2024-11-29 15:34:11,844 INFO o.a.j.t.JMeterThread: Thread is done: Krampus 1-2
2024-11-29 15:34:11,844 INFO o.a.j.t.JMeterThread: Thread finished: Krampus 1-2
2024-11-29 15:34:11,875 INFO o.a.j.t.JMeterThread: Thread is done: Krampus 1-3
2024-11-29 15:34:11,875 INFO o.a.j.t.JMeterThread: Thread finished: Krampus 1-3
2024-11-29 15:34:12,094 INFO o.a.j.t.JMeterThread: Thread is done: Krampus 1-4
2024-11-29 15:34:12,095 INFO o.a.j.t.JMeterThread: Thread finished: Krampus 1-4
2024-11-29 15:34:12,204 INFO o.a.j.t.JMeterThread: Thread is done: Krampus 1-5
2024-11-29 15:34:12,204 INFO o.a.j.t.JMeterThread: Thread finished: Krampus 1-5
2024-11-29 15:34:12,204 INFO o.a.j.e.StandardJMeterEngine: Notifying test listeners of end of test
2024-11-29 15:34:12,204 INFO o.a.j.s.FileServer: Close: C:/Users/sharon/Documents/blazedemo.csv
2024-11-29 15:34:12,204 INFO o.a.j.g.u.JMeterMenuBar: setRunning(false, *local*)
